<?xml version="1.0" encoding="UTF-8"?>
<testsuite name="util.IOUtilsTest" tests="1" skipped="0" failures="0" errors="0" timestamp="2019-02-09T16:20:02" hostname="ip-172-31-17-76" time="0.009">
  <properties/>
  <testcase name="readData" classname="util.IOUtilsTest" time="0.009"/>
  <system-out><![CDATA[16:20:02,217 |-INFO in ch.qos.logback.classic.LoggerContext[default] - Could NOT find resource [logback.groovy]
16:20:02,217 |-INFO in ch.qos.logback.classic.LoggerContext[default] - Could NOT find resource [logback-test.xml]
16:20:02,217 |-INFO in ch.qos.logback.classic.LoggerContext[default] - Found resource [logback.xml] at [file:/home/ec2-user/repositories/web-application-server/build/resources/main/logback.xml]
16:20:02,300 |-INFO in ch.qos.logback.classic.joran.action.ConfigurationAction - debug attribute not set
16:20:02,316 |-INFO in ch.qos.logback.core.joran.action.AppenderAction - About to instantiate appender of type [ch.qos.logback.core.ConsoleAppender]
16:20:02,322 |-INFO in ch.qos.logback.core.joran.action.AppenderAction - Naming appender as [STDOUT]
16:20:02,427 |-WARN in ch.qos.logback.core.ConsoleAppender[STDOUT] - This appender no longer admits a layout as a sub-component, set an encoder instead.
16:20:02,427 |-WARN in ch.qos.logback.core.ConsoleAppender[STDOUT] - To ensure compatibility, wrapping your layout in LayoutWrappingEncoder.
16:20:02,427 |-WARN in ch.qos.logback.core.ConsoleAppender[STDOUT] - See also http://logback.qos.ch/codes.html#layoutInsteadOfEncoder for details
16:20:02,428 |-INFO in ch.qos.logback.classic.joran.action.RootLoggerAction - Setting level of ROOT logger to DEBUG
16:20:02,428 |-INFO in ch.qos.logback.core.joran.action.AppenderRefAction - Attaching appender named [STDOUT] to Logger[ROOT]
16:20:02,428 |-INFO in ch.qos.logback.classic.joran.action.ConfigurationAction - End of configuration.
16:20:02,429 |-INFO in ch.qos.logback.classic.joran.JoranConfigurator@4b6b16db - Registering current configuration as safe fallback point

16:20:02.455 [DEBUG] [Test worker] [util.IOUtilsTest] - parse body : abcd123
]]></system-out>
  <system-err><![CDATA[]]></system-err>
</testsuite>
