<?xml version="1.0" encoding="UTF-8"?>
<testsuite name="util.HttpRequestUtilsTest" tests="7" skipped="0" failures="0" errors="0" timestamp="2019-02-09T16:20:02" hostname="ip-172-31-17-76" time="0.069">
  <properties/>
  <testcase name="parseQueryString" classname="util.HttpRequestUtilsTest" time="0.03"/>
  <testcase name="getKeyValue" classname="util.HttpRequestUtilsTest" time="0.0"/>
  <testcase name="parseCookies" classname="util.HttpRequestUtilsTest" time="0.001"/>
  <testcase name="parseHeader" classname="util.HttpRequestUtilsTest" time="0.001"/>
  <testcase name="getKeyValue_invalid" classname="util.HttpRequestUtilsTest" time="0.002"/>
  <testcase name="parseQueryString_invalid" classname="util.HttpRequestUtilsTest" time="0.006"/>
  <testcase name="parseQueryString_null" classname="util.HttpRequestUtilsTest" time="0.016"/>
  <system-out><![CDATA[]]></system-out>
  <system-err><![CDATA[]]></system-err>
</testsuite>
